# JRE version: Java(TM) SE Runtime Environment (17.0.2+8) (build 17.0.2+8-LTS-86)
# Java VM: Java HotSpot(TM) 64-Bit Server VM (17.0.2+8-LTS-86, mixed mode, emulated-client, sharing, tiered, compressed oops, compressed class ptrs, g1 gc, windows-amd64)
GC Precious Log:
 CPUs: 8 total, 8 available
 Memory: 7834M
 Large Page Support: Disabled
 NUMA Support: Disabled
 Compressed Oops: Enabled (32-bit)
 Heap Region Size: 1M
 Heap Min Capacity: 8M
 Heap Initial Capacity: 124M
 Heap Max Capacity: 1960M
 Pre-touch: Disabled
 Parallel Workers: 8
 Concurrent Workers: 2
 Concurrent Refinement Workers: 8
 Periodic GC: Disabled
Heap:
 garbage-first heap   total 96256K, used 36799K [0x0000000085800000, 0x0000000100000000)
  region size 1024K, 24 young (24576K), 3 survivors (3072K)
 Metaspace       used 31376K, committed 31680K, reserved 1081344K
  class space    used 4395K, committed 4544K, reserved 1048576K
GC Heap History (12 events):
Event: 0.555 GC heap before
{Heap before GC invocations=0 (full 0):
 garbage-first heap   total 126976K, used 24576K [0x0000000085800000, 0x0000000100000000)
  region size 1024K, 23 young (23552K), 0 survivors (0K)
 Metaspace       used 7183K, committed 7360K, reserved 1056768K
  class space    used 908K, committed 960K, reserved 1048576K
}
Event: 0.562 GC heap after
{Heap after GC invocations=1 (full 0):
 garbage-first heap   total 126976K, used 7552K [0x0000000085800000, 0x0000000100000000)
  region size 1024K, 3 young (3072K), 3 survivors (3072K)
 Metaspace       used 7183K, committed 7360K, reserved 1056768K
  class space    used 908K, committed 960K, reserved 1048576K
}
Event: 0.865 GC heap before
{Heap before GC invocations=1 (full 0):
 garbage-first heap   total 126976K, used 32128K [0x0000000085800000, 0x0000000100000000)
  region size 1024K, 28 young (28672K), 3 survivors (3072K)
 Metaspace       used 12582K, committed 12800K, reserved 1064960K
  class space    used 1747K, committed 1856K, reserved 1048576K
}
Event: 0.869 GC heap after
{Heap after GC invocations=2 (full 0):
 garbage-first heap   total 126976K, used 9795K [0x0000000085800000, 0x0000000100000000)
  region size 1024K, 2 young (2048K), 2 survivors (2048K)
 Metaspace       used 12582K, committed 12800K, reserved 1064960K
  class space    used 1747K, committed 1856K, reserved 1048576K
}
Event: 1.290 GC heap before
{Heap before GC invocations=2 (full 0):
 garbage-first heap   total 126976K, used 62019K [0x0000000085800000, 0x0000000100000000)
  region size 1024K, 54 young (55296K), 2 survivors (2048K)
 Metaspace       used 21219K, committed 21504K, reserved 1073152K
  class space    used 2946K, committed 3072K, reserved 1048576K
}
Event: 1.297 GC heap after
{Heap after GC invocations=3 (full 0):
 garbage-first heap   total 126976K, used 12926K [0x0000000085800000, 0x0000000100000000)
  region size 1024K, 5 young (5120K), 5 survivors (5120K)
 Metaspace       used 21219K, committed 21504K, reserved 1073152K
  class space    used 2946K, committed 3072K, reserved 1048576K
}
Event: 1.682 GC heap before
{Heap before GC invocations=4 (full 0):
 garbage-first heap   total 48128K, used 36478K [0x0000000085800000, 0x0000000100000000)
  region size 1024K, 29 young (29696K), 5 survivors (5120K)
 Metaspace       used 24652K, committed 25024K, reserved 1073152K
  class space    used 3480K, committed 3648K, reserved 1048576K
}
Event: 1.690 GC heap after
{Heap after GC invocations=5 (full 0):
 garbage-first heap   total 48128K, used 14449K [0x0000000085800000, 0x0000000100000000)
  region size 1024K, 7 young (7168K), 7 survivors (7168K)
 Metaspace       used 24652K, committed 25024K, reserved 1073152K
  class space    used 3480K, committed 3648K, reserved 1048576K
}
Event: 1.699 GC heap before
{Heap before GC invocations=5 (full 0):
 garbage-first heap   total 48128K, used 15473K [0x0000000085800000, 0x0000000100000000)
  region size 1024K, 8 young (8192K), 7 survivors (7168K)
 Metaspace       used 24725K, committed 25088K, reserved 1073152K
  class space    used 3490K, committed 3648K, reserved 1048576K
}
Event: 1.706 GC heap after
{Heap after GC invocations=6 (full 0):
 garbage-first heap   total 48128K, used 14993K [0x0000000085800000, 0x0000000100000000)
  region size 1024K, 1 young (1024K), 1 survivors (1024K)
 Metaspace       used 24725K, committed 25088K, reserved 1073152K
  class space    used 3490K, committed 3648K, reserved 1048576K
}
Event: 2.056 GC heap before
{Heap before GC invocations=6 (full 0):
 garbage-first heap   total 48128K, used 33425K [0x0000000085800000, 0x0000000100000000)
  region size 1024K, 19 young (19456K), 1 survivors (1024K)
 Metaspace       used 27825K, committed 28160K, reserved 1081344K
  class space    used 3960K, committed 4096K, reserved 1048576K
}
Event: 2.062 GC heap after
{Heap after GC invocations=7 (full 0):
 garbage-first heap   total 96256K, used 16319K [0x0000000085800000, 0x0000000100000000)
  region size 1024K, 3 young (3072K), 3 survivors (3072K)
 Metaspace       used 27825K, committed 28160K, reserved 1081344K
  class space    used 3960K, committed 4096K, reserved 1048576K
}

